Analysis & Synthesis report for LAB3
Sun Dec 25 17:54:33 2022
Quartus II 64-Bit Version 13.0.1 Build 232 06/12/2013 Service Pack 1 SJ Web Edition


---------------------
; Table of Contents ;
---------------------
  1. Legal Notice
  2. Analysis & Synthesis Summary
  3. Analysis & Synthesis Settings
  4. Parallel Compilation
  5. Analysis & Synthesis Source Files Read
  6. Analysis & Synthesis Resource Usage Summary
  7. Analysis & Synthesis Resource Utilization by Entity
  8. Analysis & Synthesis RAM Summary
  9. Analysis & Synthesis IP Cores Summary
 10. User-Specified and Inferred Latches
 11. Registers Removed During Synthesis
 12. General Register Statistics
 13. Inverted Register Statistics
 14. Multiplexer Restructuring Statistics (Restructuring Performed)
 15. Source assignments for DDS_mem:inst|altsyncram:altsyncram_component|altsyncram_5o71:auto_generated
 16. Parameter Settings for User Entity Instance: BUSMUX:inst8
 17. Parameter Settings for User Entity Instance: DDS_mem:inst|altsyncram:altsyncram_component
 18. Parameter Settings for Inferred Entity Instance: wave_gen:inst5|lpm_divide:Div0
 19. altsyncram Parameter Settings by Entity Instance
 20. Elapsed Time Per Partition
 21. Analysis & Synthesis Messages



----------------
; Legal Notice ;
----------------
Copyright (C) 1991-2013 Altera Corporation
Your use of Altera Corporation's design tools, logic functions 
and other software and tools, and its AMPP partner logic 
functions, and any output files from any of the foregoing 
(including device programming or simulation files), and any 
associated documentation or information are expressly subject 
to the terms and conditions of the Altera Program License 
Subscription Agreement, Altera MegaCore Function License 
Agreement, or other applicable license agreement, including, 
without limitation, that your use is for the sole purpose of 
programming logic devices manufactured by Altera and sold by 
Altera or its authorized distributors.  Please refer to the 
applicable agreement for further details.



+--------------------------------------------------------------------------------------+
; Analysis & Synthesis Summary                                                         ;
+------------------------------------+-------------------------------------------------+
; Analysis & Synthesis Status        ; Successful - Sun Dec 25 17:54:33 2022           ;
; Quartus II 64-Bit Version          ; 13.0.1 Build 232 06/12/2013 SP 1 SJ Web Edition ;
; Revision Name                      ; LAB3                                            ;
; Top-level Entity Name              ; LAB3                                            ;
; Family                             ; Cyclone II                                      ;
; Total logic elements               ; 244                                             ;
;     Total combinational functions  ; 244                                             ;
;     Dedicated logic registers      ; 66                                              ;
; Total registers                    ; 66                                              ;
; Total pins                         ; 40                                              ;
; Total virtual pins                 ; 0                                               ;
; Total memory bits                  ; 2,048                                           ;
; Embedded Multiplier 9-bit elements ; 0                                               ;
; Total PLLs                         ; 0                                               ;
+------------------------------------+-------------------------------------------------+


+----------------------------------------------------------------------------------------------------------------------+
; Analysis & Synthesis Settings                                                                                        ;
+----------------------------------------------------------------------------+--------------------+--------------------+
; Option                                                                     ; Setting            ; Default Value      ;
+----------------------------------------------------------------------------+--------------------+--------------------+
; Device                                                                     ; EP2C20F484C7       ;                    ;
; Top-level entity name                                                      ; LAB3               ; LAB3               ;
; Family name                                                                ; Cyclone II         ; Cyclone IV GX      ;
; Use smart compilation                                                      ; Off                ; Off                ;
; Enable parallel Assembler and TimeQuest Timing Analyzer during compilation ; On                 ; On                 ;
; Enable compact report table                                                ; Off                ; Off                ;
; Restructure Multiplexers                                                   ; Auto               ; Auto               ;
; Create Debugging Nodes for IP Cores                                        ; Off                ; Off                ;
; Preserve fewer node names                                                  ; On                 ; On                 ;
; Disable OpenCore Plus hardware evaluation                                  ; Off                ; Off                ;
; Verilog Version                                                            ; Verilog_2001       ; Verilog_2001       ;
; VHDL Version                                                               ; VHDL_1993          ; VHDL_1993          ;
; State Machine Processing                                                   ; Auto               ; Auto               ;
; Safe State Machine                                                         ; Off                ; Off                ;
; Extract Verilog State Machines                                             ; On                 ; On                 ;
; Extract VHDL State Machines                                                ; On                 ; On                 ;
; Ignore Verilog initial constructs                                          ; Off                ; Off                ;
; Iteration limit for constant Verilog loops                                 ; 5000               ; 5000               ;
; Iteration limit for non-constant Verilog loops                             ; 250                ; 250                ;
; Add Pass-Through Logic to Inferred RAMs                                    ; On                 ; On                 ;
; Infer RAMs from Raw Logic                                                  ; On                 ; On                 ;
; Parallel Synthesis                                                         ; On                 ; On                 ;
; DSP Block Balancing                                                        ; Auto               ; Auto               ;
; NOT Gate Push-Back                                                         ; On                 ; On                 ;
; Power-Up Don't Care                                                        ; On                 ; On                 ;
; Remove Redundant Logic Cells                                               ; Off                ; Off                ;
; Remove Duplicate Registers                                                 ; On                 ; On                 ;
; Ignore CARRY Buffers                                                       ; Off                ; Off                ;
; Ignore CASCADE Buffers                                                     ; Off                ; Off                ;
; Ignore GLOBAL Buffers                                                      ; Off                ; Off                ;
; Ignore ROW GLOBAL Buffers                                                  ; Off                ; Off                ;
; Ignore LCELL Buffers                                                       ; Off                ; Off                ;
; Ignore SOFT Buffers                                                        ; On                 ; On                 ;
; Limit AHDL Integers to 32 Bits                                             ; Off                ; Off                ;
; Optimization Technique                                                     ; Balanced           ; Balanced           ;
; Carry Chain Length                                                         ; 70                 ; 70                 ;
; Auto Carry Chains                                                          ; On                 ; On                 ;
; Auto Open-Drain Pins                                                       ; On                 ; On                 ;
; Perform WYSIWYG Primitive Resynthesis                                      ; Off                ; Off                ;
; Auto ROM Replacement                                                       ; On                 ; On                 ;
; Auto RAM Replacement                                                       ; On                 ; On                 ;
; Auto Shift Register Replacement                                            ; Auto               ; Auto               ;
; Allow Shift Register Merging across Hierarchies                            ; Auto               ; Auto               ;
; Auto Clock Enable Replacement                                              ; On                 ; On                 ;
; Strict RAM Replacement                                                     ; Off                ; Off                ;
; Allow Synchronous Control Signals                                          ; On                 ; On                 ;
; Force Use of Synchronous Clear Signals                                     ; Off                ; Off                ;
; Auto RAM to Logic Cell Conversion                                          ; Off                ; Off                ;
; Auto Resource Sharing                                                      ; Off                ; Off                ;
; Allow Any RAM Size For Recognition                                         ; Off                ; Off                ;
; Allow Any ROM Size For Recognition                                         ; Off                ; Off                ;
; Allow Any Shift Register Size For Recognition                              ; Off                ; Off                ;
; Use LogicLock Constraints during Resource Balancing                        ; On                 ; On                 ;
; Ignore translate_off and synthesis_off directives                          ; Off                ; Off                ;
; Timing-Driven Synthesis                                                    ; Off                ; Off                ;
; Report Parameter Settings                                                  ; On                 ; On                 ;
; Report Source Assignments                                                  ; On                 ; On                 ;
; Report Connectivity Checks                                                 ; On                 ; On                 ;
; Ignore Maximum Fan-Out Assignments                                         ; Off                ; Off                ;
; Synchronization Register Chain Length                                      ; 2                  ; 2                  ;
; PowerPlay Power Optimization                                               ; Normal compilation ; Normal compilation ;
; HDL message level                                                          ; Level2             ; Level2             ;
; Suppress Register Optimization Related Messages                            ; Off                ; Off                ;
; Number of Removed Registers Reported in Synthesis Report                   ; 5000               ; 5000               ;
; Number of Swept Nodes Reported in Synthesis Report                         ; 5000               ; 5000               ;
; Number of Inverted Registers Reported in Synthesis Report                  ; 100                ; 100                ;
; Clock MUX Protection                                                       ; On                 ; On                 ;
; Auto Gated Clock Conversion                                                ; Off                ; Off                ;
; Block Design Naming                                                        ; Auto               ; Auto               ;
; SDC constraint protection                                                  ; Off                ; Off                ;
; Synthesis Effort                                                           ; Auto               ; Auto               ;
; Shift Register Replacement - Allow Asynchronous Clear Signal               ; On                 ; On                 ;
; Pre-Mapping Resynthesis Optimization                                       ; Off                ; Off                ;
; Analysis & Synthesis Message Level                                         ; Medium             ; Medium             ;
; Disable Register Merging Across Hierarchies                                ; Auto               ; Auto               ;
; Resource Aware Inference For Block RAM                                     ; On                 ; On                 ;
; Synthesis Seed                                                             ; 1                  ; 1                  ;
+----------------------------------------------------------------------------+--------------------+--------------------+


Parallel compilation was disabled, but you have multiple processors available. Enable parallel compilation to reduce compilation time.
+-------------------------------------+
; Parallel Compilation                ;
+----------------------------+--------+
; Processors                 ; Number ;
+----------------------------+--------+
; Number detected on machine ; 8      ;
; Maximum allowed            ; 1      ;
+----------------------------+--------+


+----------------------------------------------------------------------------------------------------------------------------------------------------------------------------------------------------+
; Analysis & Synthesis Source Files Read                                                                                                                                                             ;
+-----------------------------------------+-----------------+----------------------------------------+-------------------------------------------------------------------------------------+---------+
; File Name with User-Entered Path        ; Used in Netlist ; File Type                              ; File Name with Absolute Path                                                        ; Library ;
+-----------------------------------------+-----------------+----------------------------------------+-------------------------------------------------------------------------------------+---------+
; ../PWM.v                                ; yes             ; User Verilog HDL File                  ; E:/university/DLD LAB/3/DLD_LAB3/PWM.v                                              ;         ;
; ../freq_dev.v                           ; yes             ; User Verilog HDL File                  ; E:/university/DLD LAB/3/DLD_LAB3/freq_dev.v                                         ;         ;
; ../wave_gen.v                           ; yes             ; User Verilog HDL File                  ; E:/university/DLD LAB/3/DLD_LAB3/wave_gen.v                                         ;         ;
; ../counter.v                            ; yes             ; User Verilog HDL File                  ; E:/university/DLD LAB/3/DLD_LAB3/counter.v                                          ;         ;
; ../AMP_sel.v                            ; yes             ; User Verilog HDL File                  ; E:/university/DLD LAB/3/DLD_LAB3/AMP_sel.v                                          ;         ;
; DDS_mem.v                               ; yes             ; User Wizard-Generated File             ; E:/university/DLD LAB/3/DLD_LAB3/quartus/DDS_mem.v                                  ;         ;
; ../LAB3.bdf                             ; yes             ; User Block Diagram/Schematic File      ; E:/university/DLD LAB/3/DLD_LAB3/LAB3.bdf                                           ;         ;
; busmux.tdf                              ; yes             ; Megafunction                           ; d:/program files (x86)/altera/quartus/libraries/megafunctions/busmux.tdf            ;         ;
; lpm_mux.inc                             ; yes             ; Megafunction                           ; d:/program files (x86)/altera/quartus/libraries/megafunctions/lpm_mux.inc           ;         ;
; lpm_mux.tdf                             ; yes             ; Megafunction                           ; d:/program files (x86)/altera/quartus/libraries/megafunctions/lpm_mux.tdf           ;         ;
; aglobal130.inc                          ; yes             ; Megafunction                           ; d:/program files (x86)/altera/quartus/libraries/megafunctions/aglobal130.inc        ;         ;
; muxlut.inc                              ; yes             ; Megafunction                           ; d:/program files (x86)/altera/quartus/libraries/megafunctions/muxlut.inc            ;         ;
; bypassff.inc                            ; yes             ; Megafunction                           ; d:/program files (x86)/altera/quartus/libraries/megafunctions/bypassff.inc          ;         ;
; altshift.inc                            ; yes             ; Megafunction                           ; d:/program files (x86)/altera/quartus/libraries/megafunctions/altshift.inc          ;         ;
; db/mux_smc.tdf                          ; yes             ; Auto-Generated Megafunction            ; E:/university/DLD LAB/3/DLD_LAB3/quartus/db/mux_smc.tdf                             ;         ;
; altsyncram.tdf                          ; yes             ; Megafunction                           ; d:/program files (x86)/altera/quartus/libraries/megafunctions/altsyncram.tdf        ;         ;
; stratix_ram_block.inc                   ; yes             ; Megafunction                           ; d:/program files (x86)/altera/quartus/libraries/megafunctions/stratix_ram_block.inc ;         ;
; lpm_decode.inc                          ; yes             ; Megafunction                           ; d:/program files (x86)/altera/quartus/libraries/megafunctions/lpm_decode.inc        ;         ;
; a_rdenreg.inc                           ; yes             ; Megafunction                           ; d:/program files (x86)/altera/quartus/libraries/megafunctions/a_rdenreg.inc         ;         ;
; altrom.inc                              ; yes             ; Megafunction                           ; d:/program files (x86)/altera/quartus/libraries/megafunctions/altrom.inc            ;         ;
; altram.inc                              ; yes             ; Megafunction                           ; d:/program files (x86)/altera/quartus/libraries/megafunctions/altram.inc            ;         ;
; altdpram.inc                            ; yes             ; Megafunction                           ; d:/program files (x86)/altera/quartus/libraries/megafunctions/altdpram.inc          ;         ;
; db/altsyncram_5o71.tdf                  ; yes             ; Auto-Generated Megafunction            ; E:/university/DLD LAB/3/DLD_LAB3/quartus/db/altsyncram_5o71.tdf                     ;         ;
; /university/dld lab/3/dld_lab3/sine.mif ; yes             ; Auto-Found Memory Initialization File  ; /university/dld lab/3/dld_lab3/sine.mif                                             ;         ;
; lpm_divide.tdf                          ; yes             ; Megafunction                           ; d:/program files (x86)/altera/quartus/libraries/megafunctions/lpm_divide.tdf        ;         ;
; abs_divider.inc                         ; yes             ; Megafunction                           ; d:/program files (x86)/altera/quartus/libraries/megafunctions/abs_divider.inc       ;         ;
; sign_div_unsign.inc                     ; yes             ; Megafunction                           ; d:/program files (x86)/altera/quartus/libraries/megafunctions/sign_div_unsign.inc   ;         ;
; db/lpm_divide_5dm.tdf                   ; yes             ; Auto-Generated Megafunction            ; E:/university/DLD LAB/3/DLD_LAB3/quartus/db/lpm_divide_5dm.tdf                      ;         ;
; db/sign_div_unsign_fkh.tdf              ; yes             ; Auto-Generated Megafunction            ; E:/university/DLD LAB/3/DLD_LAB3/quartus/db/sign_div_unsign_fkh.tdf                 ;         ;
; db/alt_u_div_00f.tdf                    ; yes             ; Auto-Generated Megafunction            ; E:/university/DLD LAB/3/DLD_LAB3/quartus/db/alt_u_div_00f.tdf                       ;         ;
; db/add_sub_lkc.tdf                      ; yes             ; Auto-Generated Megafunction            ; E:/university/DLD LAB/3/DLD_LAB3/quartus/db/add_sub_lkc.tdf                         ;         ;
; db/add_sub_mkc.tdf                      ; yes             ; Auto-Generated Megafunction            ; E:/university/DLD LAB/3/DLD_LAB3/quartus/db/add_sub_mkc.tdf                         ;         ;
+-----------------------------------------+-----------------+----------------------------------------+-------------------------------------------------------------------------------------+---------+


+---------------------------------------------------------------------+
; Analysis & Synthesis Resource Usage Summary                         ;
+---------------------------------------------+-----------------------+
; Resource                                    ; Usage                 ;
+---------------------------------------------+-----------------------+
; Estimated Total logic elements              ; 244                   ;
;                                             ;                       ;
; Total combinational functions               ; 244                   ;
; Logic element usage by number of LUT inputs ;                       ;
;     -- 4 input functions                    ; 80                    ;
;     -- 3 input functions                    ; 98                    ;
;     -- <=2 input functions                  ; 66                    ;
;                                             ;                       ;
; Logic elements by mode                      ;                       ;
;     -- normal mode                          ; 146                   ;
;     -- arithmetic mode                      ; 98                    ;
;                                             ;                       ;
; Total registers                             ; 66                    ;
;     -- Dedicated logic registers            ; 66                    ;
;     -- I/O registers                        ; 0                     ;
;                                             ;                       ;
; I/O pins                                    ; 40                    ;
; Total memory bits                           ; 2048                  ;
; Embedded Multiplier 9-bit elements          ; 0                     ;
; Maximum fan-out node                        ; freq_dev:inst11|clk_o ;
; Maximum fan-out                             ; 58                    ;
; Total fan-out                               ; 968                   ;
; Average fan-out                             ; 2.70                  ;
+---------------------------------------------+-----------------------+


+---------------------------------------------------------------------------------------------------------------------------------------------------------------------------------------------------------------------------------------------------------------------------------------------+
; Analysis & Synthesis Resource Utilization by Entity                                                                                                                                                                                                                                         ;
+-------------------------------------------+-------------------+--------------+-------------+--------------+---------+-----------+------+--------------+----------------------------------------------------------------------------------------------------------------------+--------------+
; Compilation Hierarchy Node                ; LC Combinationals ; LC Registers ; Memory Bits ; DSP Elements ; DSP 9x9 ; DSP 18x18 ; Pins ; Virtual Pins ; Full Hierarchy Name                                                                                                  ; Library Name ;
+-------------------------------------------+-------------------+--------------+-------------+--------------+---------+-----------+------+--------------+----------------------------------------------------------------------------------------------------------------------+--------------+
; |LAB3                                     ; 244 (1)           ; 66 (0)       ; 2048        ; 0            ; 0       ; 0         ; 40   ; 0            ; |LAB3                                                                                                                ; work         ;
;    |DDS_mem:inst|                         ; 0 (0)             ; 0 (0)        ; 2048        ; 0            ; 0       ; 0         ; 0    ; 0            ; |LAB3|DDS_mem:inst                                                                                                   ; work         ;
;       |altsyncram:altsyncram_component|   ; 0 (0)             ; 0 (0)        ; 2048        ; 0            ; 0       ; 0         ; 0    ; 0            ; |LAB3|DDS_mem:inst|altsyncram:altsyncram_component                                                                   ; work         ;
;          |altsyncram_5o71:auto_generated| ; 0 (0)             ; 0 (0)        ; 2048        ; 0            ; 0       ; 0         ; 0    ; 0            ; |LAB3|DDS_mem:inst|altsyncram:altsyncram_component|altsyncram_5o71:auto_generated                                    ; work         ;
;    |PWM:inst4|                            ; 16 (16)           ; 8 (8)        ; 0           ; 0            ; 0       ; 0         ; 0    ; 0            ; |LAB3|PWM:inst4                                                                                                      ; work         ;
;    |amplitude_selector:inst3|             ; 17 (17)           ; 0 (0)        ; 0           ; 0            ; 0       ; 0         ; 0    ; 0            ; |LAB3|amplitude_selector:inst3                                                                                       ; work         ;
;    |busmux:inst8|                         ; 6 (0)             ; 0 (0)        ; 0           ; 0            ; 0       ; 0         ; 0    ; 0            ; |LAB3|busmux:inst8                                                                                                   ; work         ;
;       |lpm_mux:$00000|                    ; 6 (0)             ; 0 (0)        ; 0           ; 0            ; 0       ; 0         ; 0    ; 0            ; |LAB3|busmux:inst8|lpm_mux:$00000                                                                                    ; work         ;
;          |mux_smc:auto_generated|         ; 6 (6)             ; 0 (0)        ; 0           ; 0            ; 0       ; 0         ; 0    ; 0            ; |LAB3|busmux:inst8|lpm_mux:$00000|mux_smc:auto_generated                                                             ; work         ;
;    |counter:inst9|                        ; 11 (11)           ; 8 (8)        ; 0           ; 0            ; 0       ; 0         ; 0    ; 0            ; |LAB3|counter:inst9                                                                                                  ; work         ;
;    |freq_dev:inst11|                      ; 28 (28)           ; 10 (10)      ; 0           ; 0            ; 0       ; 0         ; 0    ; 0            ; |LAB3|freq_dev:inst11                                                                                                ; work         ;
;    |wave_gen:inst5|                       ; 165 (99)          ; 40 (40)      ; 0           ; 0            ; 0       ; 0         ; 0    ; 0            ; |LAB3|wave_gen:inst5                                                                                                 ; work         ;
;       |lpm_divide:Div0|                   ; 66 (0)            ; 0 (0)        ; 0           ; 0            ; 0       ; 0         ; 0    ; 0            ; |LAB3|wave_gen:inst5|lpm_divide:Div0                                                                                 ; work         ;
;          |lpm_divide_5dm:auto_generated|  ; 66 (0)            ; 0 (0)        ; 0           ; 0            ; 0       ; 0         ; 0    ; 0            ; |LAB3|wave_gen:inst5|lpm_divide:Div0|lpm_divide_5dm:auto_generated                                                   ; work         ;
;             |sign_div_unsign_fkh:divider| ; 66 (0)            ; 0 (0)        ; 0           ; 0            ; 0       ; 0         ; 0    ; 0            ; |LAB3|wave_gen:inst5|lpm_divide:Div0|lpm_divide_5dm:auto_generated|sign_div_unsign_fkh:divider                       ; work         ;
;                |alt_u_div_00f:divider|    ; 66 (66)           ; 0 (0)        ; 0           ; 0            ; 0       ; 0         ; 0    ; 0            ; |LAB3|wave_gen:inst5|lpm_divide:Div0|lpm_divide_5dm:auto_generated|sign_div_unsign_fkh:divider|alt_u_div_00f:divider ; work         ;
+-------------------------------------------+-------------------+--------------+-------------+--------------+---------+-----------+------+--------------+----------------------------------------------------------------------------------------------------------------------+--------------+
Note: For table entries with two numbers listed, the numbers in parentheses indicate the number of resources of the given type used by the specific entity alone. The numbers listed outside of parentheses indicate the total resources of the given type used by the specific entity and all of its sub-entities in the hierarchy.


+---------------------------------------------------------------------------------------------------------------------------------------------------------------------------------------+
; Analysis & Synthesis RAM Summary                                                                                                                                                      ;
+----------------------------------------------------------------------------------------+------+------+--------------+--------------+--------------+--------------+------+-------------+
; Name                                                                                   ; Type ; Mode ; Port A Depth ; Port A Width ; Port B Depth ; Port B Width ; Size ; MIF         ;
+----------------------------------------------------------------------------------------+------+------+--------------+--------------+--------------+--------------+------+-------------+
; DDS_mem:inst|altsyncram:altsyncram_component|altsyncram_5o71:auto_generated|ALTSYNCRAM ; AUTO ; ROM  ; 256          ; 8            ; --           ; --           ; 2048 ; ../sine.mif ;
+----------------------------------------------------------------------------------------+------+------+--------------+--------------+--------------+--------------+------+-------------+


+-----------------------------------------------------------------------------------------------------------------------------------------+
; Analysis & Synthesis IP Cores Summary                                                                                                   ;
+--------+--------------+---------+--------------+--------------+--------------------+----------------------------------------------------+
; Vendor ; IP Core Name ; Version ; Release Date ; License Type ; Entity Instance    ; IP Include File                                    ;
+--------+--------------+---------+--------------+--------------+--------------------+----------------------------------------------------+
; Altera ; ROM: 1-PORT  ; 13.0    ; N/A          ; N/A          ; |LAB3|DDS_mem:inst ; E:/university/DLD LAB/3/DLD_LAB3/quartus/DDS_mem.v ;
+--------+--------------+---------+--------------+--------------+--------------------+----------------------------------------------------+


+---------------------------------------------------------------------------------------------------+
; User-Specified and Inferred Latches                                                               ;
+----------------------------------------------------+---------------------+------------------------+
; Latch Name                                         ; Latch Enable Signal ; Free of Timing Hazards ;
+----------------------------------------------------+---------------------+------------------------+
; wave_gen:inst5|wave[7]                             ; wave_gen:inst5|Mux0 ; yes                    ;
; wave_gen:inst5|wave[6]                             ; wave_gen:inst5|Mux0 ; yes                    ;
; wave_gen:inst5|wave[5]                             ; wave_gen:inst5|Mux0 ; yes                    ;
; wave_gen:inst5|wave[4]                             ; wave_gen:inst5|Mux0 ; yes                    ;
; wave_gen:inst5|wave[3]                             ; wave_gen:inst5|Mux0 ; yes                    ;
; wave_gen:inst5|wave[2]                             ; wave_gen:inst5|Mux0 ; yes                    ;
; wave_gen:inst5|wave[1]                             ; wave_gen:inst5|Mux0 ; yes                    ;
; wave_gen:inst5|wave[0]                             ; wave_gen:inst5|Mux0 ; yes                    ;
; Number of user-specified and inferred latches = 8  ;                     ;                        ;
+----------------------------------------------------+---------------------+------------------------+
Note: All latches listed above may not be present at the end of synthesis due to various synthesis optimizations.


+---------------------------------------------------------------------------------+
; Registers Removed During Synthesis                                              ;
+---------------------------------------+-----------------------------------------+
; Register name                         ; Reason for Removal                      ;
+---------------------------------------+-----------------------------------------+
; wave_gen:inst5|cur_sin[8]             ; Merged with wave_gen:inst5|past_sin[8]  ;
; wave_gen:inst5|cur_sin[9]             ; Merged with wave_gen:inst5|past_sin[9]  ;
; wave_gen:inst5|cur_sin[10]            ; Merged with wave_gen:inst5|past_sin[10] ;
; wave_gen:inst5|cur_sin[11]            ; Merged with wave_gen:inst5|past_sin[11] ;
; wave_gen:inst5|cur_sin[12]            ; Merged with wave_gen:inst5|past_sin[12] ;
; wave_gen:inst5|cur_sin[13]            ; Merged with wave_gen:inst5|past_sin[13] ;
; wave_gen:inst5|cur_sin[14]            ; Merged with wave_gen:inst5|past_sin[14] ;
; wave_gen:inst5|cur_sin[15]            ; Merged with wave_gen:inst5|past_sin[15] ;
; Total Number of Removed Registers = 8 ;                                         ;
+---------------------------------------+-----------------------------------------+


+------------------------------------------------------+
; General Register Statistics                          ;
+----------------------------------------------+-------+
; Statistic                                    ; Value ;
+----------------------------------------------+-------+
; Total registers                              ; 66    ;
; Number of registers using Synchronous Clear  ; 0     ;
; Number of registers using Synchronous Load   ; 0     ;
; Number of registers using Asynchronous Clear ; 17    ;
; Number of registers using Asynchronous Load  ; 0     ;
; Number of registers using Clock Enable       ; 0     ;
; Number of registers using Preset             ; 0     ;
+----------------------------------------------+-------+


+--------------------------------------------------+
; Inverted Register Statistics                     ;
+----------------------------------------+---------+
; Inverted Register                      ; Fan out ;
+----------------------------------------+---------+
; wave_gen:inst5|past_cos[14]            ; 2       ;
; wave_gen:inst5|past_cos[13]            ; 2       ;
; wave_gen:inst5|past_cos[12]            ; 2       ;
; wave_gen:inst5|past_cos[10]            ; 2       ;
; wave_gen:inst5|past_cos[8]             ; 2       ;
; wave_gen:inst5|past_cos[5]             ; 1       ;
; wave_gen:inst5|past_cos[4]             ; 1       ;
; Total number of inverted registers = 7 ;         ;
+----------------------------------------+---------+


+-----------------------------------------------------------------------------------------------------------------------------------------------------+
; Multiplexer Restructuring Statistics (Restructuring Performed)                                                                                      ;
+--------------------+-----------+---------------+----------------------+------------------------+------------+---------------------------------------+
; Multiplexer Inputs ; Bus Width ; Baseline Area ; Area if Restructured ; Saving if Restructured ; Registered ; Example Multiplexer Output            ;
+--------------------+-----------+---------------+----------------------+------------------------+------------+---------------------------------------+
; 5:1                ; 2 bits    ; 6 LEs         ; 4 LEs                ; 2 LEs                  ; No         ; |LAB3|amplitude_selector:inst3|out[2] ;
; 5:1                ; 2 bits    ; 6 LEs         ; 6 LEs                ; 0 LEs                  ; No         ; |LAB3|amplitude_selector:inst3|out[0] ;
; 9:1                ; 6 bits    ; 36 LEs        ; 24 LEs               ; 12 LEs                 ; No         ; |LAB3|wave_gen:inst5|Mux2             ;
+--------------------+-----------+---------------+----------------------+------------------------+------------+---------------------------------------+


+----------------------------------------------------------------------------------------------------+
; Source assignments for DDS_mem:inst|altsyncram:altsyncram_component|altsyncram_5o71:auto_generated ;
+---------------------------------+--------------------+------+--------------------------------------+
; Assignment                      ; Value              ; From ; To                                   ;
+---------------------------------+--------------------+------+--------------------------------------+
; OPTIMIZE_POWER_DURING_SYNTHESIS ; NORMAL_COMPILATION ; -    ; -                                    ;
+---------------------------------+--------------------+------+--------------------------------------+


+-----------------------------------------------------------+
; Parameter Settings for User Entity Instance: BUSMUX:inst8 ;
+----------------+-------+----------------------------------+
; Parameter Name ; Value ; Type                             ;
+----------------+-------+----------------------------------+
; WIDTH          ; 8     ; Untyped                          ;
+----------------+-------+----------------------------------+
Note: In order to hide this table in the UI and the text report file, please set the "Show Parameter Settings in Synthesis Report" option in "Analysis and Synthesis Settings -> More Settings" to "Off".


+-------------------------------------------------------------------------------------------+
; Parameter Settings for User Entity Instance: DDS_mem:inst|altsyncram:altsyncram_component ;
+------------------------------------+----------------------+-------------------------------+
; Parameter Name                     ; Value                ; Type                          ;
+------------------------------------+----------------------+-------------------------------+
; BYTE_SIZE_BLOCK                    ; 8                    ; Untyped                       ;
; AUTO_CARRY_CHAINS                  ; ON                   ; AUTO_CARRY                    ;
; IGNORE_CARRY_BUFFERS               ; OFF                  ; IGNORE_CARRY                  ;
; AUTO_CASCADE_CHAINS                ; ON                   ; AUTO_CASCADE                  ;
; IGNORE_CASCADE_BUFFERS             ; OFF                  ; IGNORE_CASCADE                ;
; WIDTH_BYTEENA                      ; 1                    ; Untyped                       ;
; OPERATION_MODE                     ; ROM                  ; Untyped                       ;
; WIDTH_A                            ; 8                    ; Signed Integer                ;
; WIDTHAD_A                          ; 8                    ; Signed Integer                ;
; NUMWORDS_A                         ; 256                  ; Signed Integer                ;
; OUTDATA_REG_A                      ; UNREGISTERED         ; Untyped                       ;
; ADDRESS_ACLR_A                     ; NONE                 ; Untyped                       ;
; OUTDATA_ACLR_A                     ; NONE                 ; Untyped                       ;
; WRCONTROL_ACLR_A                   ; NONE                 ; Untyped                       ;
; INDATA_ACLR_A                      ; NONE                 ; Untyped                       ;
; BYTEENA_ACLR_A                     ; NONE                 ; Untyped                       ;
; WIDTH_B                            ; 1                    ; Untyped                       ;
; WIDTHAD_B                          ; 1                    ; Untyped                       ;
; NUMWORDS_B                         ; 1                    ; Untyped                       ;
; INDATA_REG_B                       ; CLOCK1               ; Untyped                       ;
; WRCONTROL_WRADDRESS_REG_B          ; CLOCK1               ; Untyped                       ;
; RDCONTROL_REG_B                    ; CLOCK1               ; Untyped                       ;
; ADDRESS_REG_B                      ; CLOCK1               ; Untyped                       ;
; OUTDATA_REG_B                      ; UNREGISTERED         ; Untyped                       ;
; BYTEENA_REG_B                      ; CLOCK1               ; Untyped                       ;
; INDATA_ACLR_B                      ; NONE                 ; Untyped                       ;
; WRCONTROL_ACLR_B                   ; NONE                 ; Untyped                       ;
; ADDRESS_ACLR_B                     ; NONE                 ; Untyped                       ;
; OUTDATA_ACLR_B                     ; NONE                 ; Untyped                       ;
; RDCONTROL_ACLR_B                   ; NONE                 ; Untyped                       ;
; BYTEENA_ACLR_B                     ; NONE                 ; Untyped                       ;
; WIDTH_BYTEENA_A                    ; 1                    ; Signed Integer                ;
; WIDTH_BYTEENA_B                    ; 1                    ; Untyped                       ;
; RAM_BLOCK_TYPE                     ; AUTO                 ; Untyped                       ;
; BYTE_SIZE                          ; 8                    ; Untyped                       ;
; READ_DURING_WRITE_MODE_MIXED_PORTS ; DONT_CARE            ; Untyped                       ;
; READ_DURING_WRITE_MODE_PORT_A      ; NEW_DATA_NO_NBE_READ ; Untyped                       ;
; READ_DURING_WRITE_MODE_PORT_B      ; NEW_DATA_NO_NBE_READ ; Untyped                       ;
; INIT_FILE                          ; ../sine.mif          ; Untyped                       ;
; INIT_FILE_LAYOUT                   ; PORT_A               ; Untyped                       ;
; MAXIMUM_DEPTH                      ; 0                    ; Untyped                       ;
; CLOCK_ENABLE_INPUT_A               ; BYPASS               ; Untyped                       ;
; CLOCK_ENABLE_INPUT_B               ; NORMAL               ; Untyped                       ;
; CLOCK_ENABLE_OUTPUT_A              ; BYPASS               ; Untyped                       ;
; CLOCK_ENABLE_OUTPUT_B              ; NORMAL               ; Untyped                       ;
; CLOCK_ENABLE_CORE_A                ; USE_INPUT_CLKEN      ; Untyped                       ;
; CLOCK_ENABLE_CORE_B                ; USE_INPUT_CLKEN      ; Untyped                       ;
; ENABLE_ECC                         ; FALSE                ; Untyped                       ;
; ECC_PIPELINE_STAGE_ENABLED         ; FALSE                ; Untyped                       ;
; WIDTH_ECCSTATUS                    ; 3                    ; Untyped                       ;
; DEVICE_FAMILY                      ; Cyclone II           ; Untyped                       ;
; CBXI_PARAMETER                     ; altsyncram_5o71      ; Untyped                       ;
+------------------------------------+----------------------+-------------------------------+
Note: In order to hide this table in the UI and the text report file, please set the "Show Parameter Settings in Synthesis Report" option in "Analysis and Synthesis Settings -> More Settings" to "Off".


+---------------------------------------------------------------------------------+
; Parameter Settings for Inferred Entity Instance: wave_gen:inst5|lpm_divide:Div0 ;
+------------------------+----------------+---------------------------------------+
; Parameter Name         ; Value          ; Type                                  ;
+------------------------+----------------+---------------------------------------+
; LPM_WIDTHN             ; 8              ; Untyped                               ;
; LPM_WIDTHD             ; 8              ; Untyped                               ;
; LPM_NREPRESENTATION    ; UNSIGNED       ; Untyped                               ;
; LPM_DREPRESENTATION    ; UNSIGNED       ; Untyped                               ;
; LPM_PIPELINE           ; 0              ; Untyped                               ;
; LPM_REMAINDERPOSITIVE  ; TRUE           ; Untyped                               ;
; MAXIMIZE_SPEED         ; 5              ; Untyped                               ;
; CBXI_PARAMETER         ; lpm_divide_5dm ; Untyped                               ;
; CARRY_CHAIN            ; MANUAL         ; Untyped                               ;
; OPTIMIZE_FOR_SPEED     ; 5              ; Untyped                               ;
; AUTO_CARRY_CHAINS      ; ON             ; AUTO_CARRY                            ;
; IGNORE_CARRY_BUFFERS   ; OFF            ; IGNORE_CARRY                          ;
; AUTO_CASCADE_CHAINS    ; ON             ; AUTO_CASCADE                          ;
; IGNORE_CASCADE_BUFFERS ; OFF            ; IGNORE_CASCADE                        ;
+------------------------+----------------+---------------------------------------+
Note: In order to hide this table in the UI and the text report file, please set the "Show Parameter Settings in Synthesis Report" option in "Analysis and Synthesis Settings -> More Settings" to "Off".


+------------------------------------------------------------------------------------------+
; altsyncram Parameter Settings by Entity Instance                                         ;
+-------------------------------------------+----------------------------------------------+
; Name                                      ; Value                                        ;
+-------------------------------------------+----------------------------------------------+
; Number of entity instances                ; 1                                            ;
; Entity Instance                           ; DDS_mem:inst|altsyncram:altsyncram_component ;
;     -- OPERATION_MODE                     ; ROM                                          ;
;     -- WIDTH_A                            ; 8                                            ;
;     -- NUMWORDS_A                         ; 256                                          ;
;     -- OUTDATA_REG_A                      ; UNREGISTERED                                 ;
;     -- WIDTH_B                            ; 1                                            ;
;     -- NUMWORDS_B                         ; 1                                            ;
;     -- ADDRESS_REG_B                      ; CLOCK1                                       ;
;     -- OUTDATA_REG_B                      ; UNREGISTERED                                 ;
;     -- RAM_BLOCK_TYPE                     ; AUTO                                         ;
;     -- READ_DURING_WRITE_MODE_MIXED_PORTS ; DONT_CARE                                    ;
+-------------------------------------------+----------------------------------------------+


+-------------------------------+
; Elapsed Time Per Partition    ;
+----------------+--------------+
; Partition Name ; Elapsed Time ;
+----------------+--------------+
; Top            ; 00:00:00     ;
+----------------+--------------+


+-------------------------------+
; Analysis & Synthesis Messages ;
+-------------------------------+
Info: *******************************************************************
Info: Running Quartus II 64-Bit Analysis & Synthesis
    Info: Version 13.0.1 Build 232 06/12/2013 Service Pack 1 SJ Web Edition
    Info: Processing started: Sun Dec 25 17:54:29 2022
Info: Command: quartus_map --read_settings_files=on --write_settings_files=off LAB3 -c LAB3
Warning (20028): Parallel compilation is not licensed and has been disabled
Info (12021): Found 1 design units, including 1 entities, in source file /university/dld lab/3/dld_lab3/pwm.v
    Info (12023): Found entity 1: PWM
Info (12021): Found 1 design units, including 1 entities, in source file /university/dld lab/3/dld_lab3/freq_dev.v
    Info (12023): Found entity 1: freq_dev
Info (12021): Found 1 design units, including 1 entities, in source file /university/dld lab/3/dld_lab3/wave_gen.v
    Info (12023): Found entity 1: wave_gen
Info (12021): Found 1 design units, including 1 entities, in source file /university/dld lab/3/dld_lab3/dds.v
    Info (12023): Found entity 1: DDS
Info (12021): Found 1 design units, including 1 entities, in source file /university/dld lab/3/dld_lab3/counter.v
    Info (12023): Found entity 1: counter
Info (12021): Found 1 design units, including 1 entities, in source file /university/dld lab/3/dld_lab3/amp_sel.v
    Info (12023): Found entity 1: amplitude_selector
Info (12021): Found 1 design units, including 1 entities, in source file dds_mem.v
    Info (12023): Found entity 1: DDS_mem
Info (12021): Found 1 design units, including 1 entities, in source file /university/dld lab/3/dld_lab3/lab3.bdf
    Info (12023): Found entity 1: LAB3
Info (12127): Elaborating entity "LAB3" for the top level hierarchy
Warning (275011): Block or symbol "wave_gen" of instance "inst5" overlaps another block or symbol
Info (12128): Elaborating entity "freq_dev" for hierarchy "freq_dev:inst11"
Warning (10036): Verilog HDL or VHDL warning at freq_dev.v(6): object "tog" assigned a value but never read
Warning (10230): Verilog HDL assignment warning at freq_dev.v(14): truncated value with size 32 to match size of target (9)
Info (12128): Elaborating entity "PWM" for hierarchy "PWM:inst4"
Warning (10230): Verilog HDL assignment warning at PWM.v(7): truncated value with size 32 to match size of target (8)
Info (12128): Elaborating entity "amplitude_selector" for hierarchy "amplitude_selector:inst3"
Info (12128): Elaborating entity "BUSMUX" for hierarchy "BUSMUX:inst8"
Info (12130): Elaborated megafunction instantiation "BUSMUX:inst8"
Info (12133): Instantiated megafunction "BUSMUX:inst8" with the following parameter:
    Info (12134): Parameter "WIDTH" = "8"
Info (12128): Elaborating entity "lpm_mux" for hierarchy "BUSMUX:inst8|lpm_mux:$00000"
Info (12131): Elaborated megafunction instantiation "BUSMUX:inst8|lpm_mux:$00000", which is child of megafunction instantiation "BUSMUX:inst8"
Info (12021): Found 1 design units, including 1 entities, in source file db/mux_smc.tdf
    Info (12023): Found entity 1: mux_smc
Info (12128): Elaborating entity "mux_smc" for hierarchy "BUSMUX:inst8|lpm_mux:$00000|mux_smc:auto_generated"
Info (12128): Elaborating entity "wave_gen" for hierarchy "wave_gen:inst5"
Warning (10036): Verilog HDL or VHDL warning at wave_gen.v(10): object "sinus" assigned a value but never read
Warning (10036): Verilog HDL or VHDL warning at wave_gen.v(18): object "for_rec" assigned a value but never read
Warning (10230): Verilog HDL assignment warning at wave_gen.v(22): truncated value with size 32 to match size of target (8)
Warning (10270): Verilog HDL Case Statement warning at wave_gen.v(39): incomplete case statement has no default case item
Warning (10240): Verilog HDL Always Construct warning at wave_gen.v(39): inferring latch(es) for variable "wave", which holds its previous value in one or more paths through the always construct
Info (10041): Inferred latch for "wave[0]" at wave_gen.v(39)
Info (10041): Inferred latch for "wave[1]" at wave_gen.v(39)
Info (10041): Inferred latch for "wave[2]" at wave_gen.v(39)
Info (10041): Inferred latch for "wave[3]" at wave_gen.v(39)
Info (10041): Inferred latch for "wave[4]" at wave_gen.v(39)
Info (10041): Inferred latch for "wave[5]" at wave_gen.v(39)
Info (10041): Inferred latch for "wave[6]" at wave_gen.v(39)
Info (10041): Inferred latch for "wave[7]" at wave_gen.v(39)
Info (12128): Elaborating entity "DDS_mem" for hierarchy "DDS_mem:inst"
Info (12128): Elaborating entity "altsyncram" for hierarchy "DDS_mem:inst|altsyncram:altsyncram_component"
Info (12130): Elaborated megafunction instantiation "DDS_mem:inst|altsyncram:altsyncram_component"
Info (12133): Instantiated megafunction "DDS_mem:inst|altsyncram:altsyncram_component" with the following parameter:
    Info (12134): Parameter "clock_enable_input_a" = "BYPASS"
    Info (12134): Parameter "clock_enable_output_a" = "BYPASS"
    Info (12134): Parameter "init_file" = "../sine.mif"
    Info (12134): Parameter "intended_device_family" = "Cyclone II"
    Info (12134): Parameter "lpm_hint" = "ENABLE_RUNTIME_MOD=NO"
    Info (12134): Parameter "lpm_type" = "altsyncram"
    Info (12134): Parameter "numwords_a" = "256"
    Info (12134): Parameter "operation_mode" = "ROM"
    Info (12134): Parameter "outdata_aclr_a" = "NONE"
    Info (12134): Parameter "outdata_reg_a" = "UNREGISTERED"
    Info (12134): Parameter "widthad_a" = "8"
    Info (12134): Parameter "width_a" = "8"
    Info (12134): Parameter "width_byteena_a" = "1"
Info (12021): Found 1 design units, including 1 entities, in source file db/altsyncram_5o71.tdf
    Info (12023): Found entity 1: altsyncram_5o71
Info (12128): Elaborating entity "altsyncram_5o71" for hierarchy "DDS_mem:inst|altsyncram:altsyncram_component|altsyncram_5o71:auto_generated"
Info (12128): Elaborating entity "counter" for hierarchy "counter:inst9"
Info (278001): Inferred 1 megafunctions from design logic
    Info (278004): Inferred divider/modulo megafunction ("lpm_divide") from the following logic: "wave_gen:inst5|Div0"
Info (12130): Elaborated megafunction instantiation "wave_gen:inst5|lpm_divide:Div0"
Info (12133): Instantiated megafunction "wave_gen:inst5|lpm_divide:Div0" with the following parameter:
    Info (12134): Parameter "LPM_WIDTHN" = "8"
    Info (12134): Parameter "LPM_WIDTHD" = "8"
    Info (12134): Parameter "LPM_NREPRESENTATION" = "UNSIGNED"
    Info (12134): Parameter "LPM_DREPRESENTATION" = "UNSIGNED"
Info (12021): Found 1 design units, including 1 entities, in source file db/lpm_divide_5dm.tdf
    Info (12023): Found entity 1: lpm_divide_5dm
Info (12021): Found 1 design units, including 1 entities, in source file db/sign_div_unsign_fkh.tdf
    Info (12023): Found entity 1: sign_div_unsign_fkh
Info (12021): Found 1 design units, including 1 entities, in source file db/alt_u_div_00f.tdf
    Info (12023): Found entity 1: alt_u_div_00f
Info (12021): Found 1 design units, including 1 entities, in source file db/add_sub_lkc.tdf
    Info (12023): Found entity 1: add_sub_lkc
Info (12021): Found 1 design units, including 1 entities, in source file db/add_sub_mkc.tdf
    Info (12023): Found entity 1: add_sub_mkc
Warning (13012): Latch wave_gen:inst5|wave[7] has unsafe behavior
    Warning (13013): Ports D and ENA on the latch are fed by the same signal func[2]
Warning (13012): Latch wave_gen:inst5|wave[6] has unsafe behavior
    Warning (13013): Ports D and ENA on the latch are fed by the same signal func[2]
Warning (13012): Latch wave_gen:inst5|wave[5] has unsafe behavior
    Warning (13013): Ports D and ENA on the latch are fed by the same signal func[2]
Warning (13012): Latch wave_gen:inst5|wave[4] has unsafe behavior
    Warning (13013): Ports D and ENA on the latch are fed by the same signal func[2]
Warning (13012): Latch wave_gen:inst5|wave[3] has unsafe behavior
    Warning (13013): Ports D and ENA on the latch are fed by the same signal func[2]
Warning (13012): Latch wave_gen:inst5|wave[2] has unsafe behavior
    Warning (13013): Ports D and ENA on the latch are fed by the same signal func[2]
Warning (13012): Latch wave_gen:inst5|wave[1] has unsafe behavior
    Warning (13013): Ports D and ENA on the latch are fed by the same signal func[2]
Warning (13012): Latch wave_gen:inst5|wave[0] has unsafe behavior
    Warning (13013): Ports D and ENA on the latch are fed by the same signal func[1]
Warning (13004): Presettable and clearable registers converted to equivalent circuits with latches. Registers power-up to an undefined state, and DEVCLRn places the registers in an undefined state.
    Warning (13310): Register "freq_dev:inst11|cnt[2]" is converted into an equivalent circuit using register "freq_dev:inst11|cnt[2]~_emulated" and latch "freq_dev:inst11|cnt[2]~1"
    Warning (13310): Register "freq_dev:inst11|cnt[1]" is converted into an equivalent circuit using register "freq_dev:inst11|cnt[1]~_emulated" and latch "freq_dev:inst11|cnt[1]~5"
    Warning (13310): Register "freq_dev:inst11|cnt[0]" is converted into an equivalent circuit using register "freq_dev:inst11|cnt[0]~_emulated" and latch "freq_dev:inst11|cnt[0]~9"
Info (16010): Generating hard_block partition "hard_block:auto_generated_inst"
    Info (16011): Adding 0 node(s), including 0 DDIO, 0 PLL, 0 transceiver and 0 LCELL
Info (21057): Implemented 302 device resources after synthesis - the final resource count might be different
    Info (21058): Implemented 13 input pins
    Info (21059): Implemented 27 output pins
    Info (21061): Implemented 254 logic cells
    Info (21064): Implemented 8 RAM segments
Info: Quartus II 64-Bit Analysis & Synthesis was successful. 0 errors, 30 warnings
    Info: Peak virtual memory: 4626 megabytes
    Info: Processing ended: Sun Dec 25 17:54:34 2022
    Info: Elapsed time: 00:00:05
    Info: Total CPU time (on all processors): 00:00:03


